../../output/tools/Tool_Select.pdb
C:\GIT\YYPAINT\OUTPUT\TOOLS\00_TOOL_SELECT.DLL
C:\GIT\YYPAINT\OUTPUT\TOOLS\00_TOOL_SELECT.ILK
C:\git\yypaint\output\tools\Tool_Select.exp
C:\git\yypaint\output\tools\Tool_Select.lib
C:\GIT\YYPAINT\OUTPUT\TOOLS\TOOL_SELECT.PDB
C:\git\yypaint\Tool_Select\Tool_Select\Debug\cl.command.1.tlog
C:\git\yypaint\Tool_Select\Tool_Select\Debug\CL.read.1.tlog
C:\git\yypaint\Tool_Select\Tool_Select\Debug\CL.write.1.tlog
C:\git\yypaint\Tool_Select\Tool_Select\Debug\link.command.1.tlog
C:\git\yypaint\Tool_Select\Tool_Select\Debug\link.read.1.tlog
C:\git\yypaint\Tool_Select\Tool_Select\Debug\link.write.1.tlog
C:\git\yypaint\Tool_Select\Tool_Select\Debug\link-cvtres.read.1.tlog
C:\git\yypaint\Tool_Select\Tool_Select\Debug\link-cvtres.write.1.tlog
C:\git\yypaint\Tool_Select\Tool_Select\Debug\mt.command.1.tlog
C:\git\yypaint\Tool_Select\Tool_Select\Debug\mt.read.1.tlog
C:\git\yypaint\Tool_Select\Tool_Select\Debug\mt.write.1.tlog
C:\git\yypaint\Tool_Select\Tool_Select\Debug\rc.command.1.tlog
C:\git\yypaint\Tool_Select\Tool_Select\Debug\rc.read.1.tlog
C:\git\yypaint\Tool_Select\Tool_Select\Debug\rc.write.1.tlog
C:\GIT\YYPAINT\TOOL_SELECT\TOOL_SELECT\DEBUG\STDAFX.OBJ
C:\GIT\YYPAINT\TOOL_SELECT\TOOL_SELECT\DEBUG\TCELL_SELECTRECT.OBJ
C:\GIT\YYPAINT\TOOL_SELECT\TOOL_SELECT\DEBUG\TOOL_SELECT.DLL.EMBED.MANIFEST
C:\GIT\YYPAINT\TOOL_SELECT\TOOL_SELECT\DEBUG\TOOL_SELECT.DLL.EMBED.MANIFEST.RES
C:\GIT\YYPAINT\TOOL_SELECT\TOOL_SELECT\DEBUG\TOOL_SELECT.DLL.INTERMEDIATE.MANIFEST
C:\GIT\YYPAINT\TOOL_SELECT\TOOL_SELECT\DEBUG\TOOL_SELECT.OBJ
C:\GIT\YYPAINT\TOOL_SELECT\TOOL_SELECT\DEBUG\TOOL_SELECT.PCH
C:\GIT\YYPAINT\TOOL_SELECT\TOOL_SELECT\DEBUG\TOOL_SELECT.RES
C:\git\yypaint\Tool_Select\Tool_Select\Debug\Tool_Select.write.1.tlog
C:\git\yypaint\Tool_Select\Tool_Select\Debug\Tool_Select_manifest.rc
C:\GIT\YYPAINT\TOOL_SELECT\TOOL_SELECT\DEBUG\TTOOL_SELECT.OBJ
C:\git\yypaint\Tool_Select\Tool_Select\Debug\vc100.idb
C:\GIT\YYPAINT\TOOL_SELECT\TOOL_SELECT\DEBUG\VC100.PDB
