生成启动时间为 2020/5/31 16:12:41。
     1>项目“C:\git\yypaint\yypaint\yypaint\yypaint.vcxproj”在节点 2 上(rebuild 个目标)。
     1>InitializeBuildStatus:
         正在创建“Debug\yypaint.unsuccessfulbuild”，因为已指定“AlwaysCreate”。
       ClCompile:
         C:\Program Files (x86)\Microsoft Visual Studio 10.0\VC\bin\CL.exe /c /ZI /nologo /W3 /WX- /Od /Oy- /D WIN32 /D _WINDOWS /D _DEBUG /D _MBCS /Gm /EHsc /RTC1 /MTd /GS /fp:precise /Zc:wchar_t /Zc:forScope /Yc"StdAfx.h" /Fp"Debug\yypaint.pch" /Fo"Debug\\" /Fd"Debug\vc100.pdb" /Gd /TP /analyze- /errorReport:prompt stdafx.cpp
         stdafx.cpp
         C:\Program Files (x86)\Microsoft Visual Studio 10.0\VC\bin\CL.exe /c /ZI /nologo /W3 /WX- /Od /Oy- /D WIN32 /D _WINDOWS /D _DEBUG /D _MBCS /Gm /EHsc /RTC1 /MTd /GS /fp:precise /Zc:wchar_t /Zc:forScope /Yu"StdAfx.h" /Fp"Debug\yypaint.pch" /Fo"Debug\\" /Fd"Debug\vc100.pdb" /Gd /TP /analyze- /errorReport:prompt ChildFrm.cpp ClassView.cpp FileView.cpp MainFrm.cpp OutputWnd.cpp PropertiesWnd.cpp ViewTree.cpp yypaint.cpp yypaintDoc.cpp yypaintView.cpp
         yypaintView.cpp
         yypaintDoc.cpp
         yypaint.cpp
         ViewTree.cpp
         PropertiesWnd.cpp
         OutputWnd.cpp
         MainFrm.cpp
         FileView.cpp
         ClassView.cpp
         ChildFrm.cpp
         正在生成代码...
       ResourceCompile:
         C:\Program Files (x86)\Microsoft SDKs\Windows\v7.0A\bin\rc.exe /D _DEBUG /l"0x0804" /IDebug\ /nologo /fo"Debug\yypaint.res" yypaint.rc 
       ManifestResourceCompile:
         C:\Program Files (x86)\Microsoft SDKs\Windows\v7.0A\bin\rc.exe /nologo /fo"Debug\yypaint.exe.embed.manifest.res" Debug\yypaint_manifest.rc 
       Link:
         C:\Program Files (x86)\Microsoft Visual Studio 10.0\VC\bin\link.exe /ERRORREPORT:PROMPT /OUT:"C:\git\yypaint\yypaint\Debug\yypaint.exe" /INCREMENTAL /NOLOGO /MANIFEST /ManifestFile:"Debug\yypaint.exe.intermediate.manifest" /MANIFESTUAC:"level='asInvoker' uiAccess='false'" /DEBUG /PDB:"C:\git\yypaint\yypaint\Debug\yypaint.pdb" /SUBSYSTEM:WINDOWS /TLBID:1 /DYNAMICBASE /NXCOMPAT /IMPLIB:"C:\git\yypaint\yypaint\Debug\yypaint.lib" /MACHINE:X86 Debug\yypaint.res
         Debug\yypaint.exe.embed.manifest.res
         Debug\ChildFrm.obj
         Debug\ClassView.obj
         Debug\FileView.obj
         Debug\MainFrm.obj
         Debug\OutputWnd.obj
         Debug\PropertiesWnd.obj
         Debug\stdafx.obj
         Debug\ViewTree.obj
         Debug\yypaint.obj
         Debug\yypaintDoc.obj
         Debug\yypaintView.obj
       Manifest:
         正在删除文件“Debug\yypaint.exe.embed.manifest”。
         C:\Program Files (x86)\Microsoft SDKs\Windows\v7.0A\bin\mt.exe /nologo /verbose /out:"Debug\yypaint.exe.embed.manifest" /manifest Debug\yypaint.exe.intermediate.manifest "C:\Program Files (x86)\Microsoft Visual Studio 10.0\VC\Include\Manifest\dpiaware.manifest"
         C:\Program Files (x86)\Microsoft SDKs\Windows\v7.0A\bin\rc.exe /nologo /fo"Debug\yypaint.exe.embed.manifest.res" Debug\yypaint_manifest.rc 
       LinkEmbedManifest:
         C:\Program Files (x86)\Microsoft Visual Studio 10.0\VC\bin\link.exe /ERRORREPORT:PROMPT /OUT:"C:\git\yypaint\yypaint\Debug\yypaint.exe" /INCREMENTAL /NOLOGO /MANIFEST /ManifestFile:"Debug\yypaint.exe.intermediate.manifest" /MANIFESTUAC:"level='asInvoker' uiAccess='false'" /DEBUG /PDB:"C:\git\yypaint\yypaint\Debug\yypaint.pdb" /SUBSYSTEM:WINDOWS /TLBID:1 /DYNAMICBASE /NXCOMPAT /IMPLIB:"C:\git\yypaint\yypaint\Debug\yypaint.lib" /MACHINE:X86 Debug\yypaint.res
         Debug\yypaint.exe.embed.manifest.res
         Debug\ChildFrm.obj
         Debug\ClassView.obj
         Debug\FileView.obj
         Debug\MainFrm.obj
         Debug\OutputWnd.obj
         Debug\PropertiesWnd.obj
         Debug\stdafx.obj
         Debug\ViewTree.obj
         Debug\yypaint.obj
         Debug\yypaintDoc.obj
         Debug\yypaintView.obj
         yypaint.vcxproj -> C:\git\yypaint\yypaint\Debug\yypaint.exe
       FinalizeBuildStatus:
         正在删除文件“Debug\yypaint.unsuccessfulbuild”。
         正在对“Debug\yypaint.lastbuildstate”执行 Touch 任务。
     1>已完成生成项目“C:\git\yypaint\yypaint\yypaint\yypaint.vcxproj”(rebuild 个目标)的操作。

生成成功。

已用时间 00:00:04.74
