../../output\yypaint.ilk
../../output\yypaint.pdb
C:\GIT\YYPAINT\OUTPUT\YYPAINT.EXE
C:\GIT\YYPAINT\OUTPUT\YYPAINT.ILK
C:\GIT\YYPAINT\OUTPUT\YYPAINT.PDB
C:\git\yypaint\yypaint\yypaint\../../output\yypaint.exe
C:\GIT\YYPAINT\YYPAINT\YYPAINT\DEBUG\CHILDFRM.OBJ
C:\git\yypaint\yypaint\yypaint\Debug\cl.command.1.tlog
C:\git\yypaint\yypaint\yypaint\Debug\CL.read.1.tlog
C:\git\yypaint\yypaint\yypaint\Debug\CL.write.1.tlog
C:\GIT\YYPAINT\YYPAINT\YYPAINT\DEBUG\IUNDO.OBJ
C:\git\yypaint\yypaint\yypaint\Debug\link.command.1.tlog
C:\git\yypaint\yypaint\yypaint\Debug\link.read.1.tlog
C:\git\yypaint\yypaint\yypaint\Debug\link.write.1.tlog
C:\git\yypaint\yypaint\yypaint\Debug\link-cvtres.read.1.tlog
C:\git\yypaint\yypaint\yypaint\Debug\link-cvtres.write.1.tlog
C:\GIT\YYPAINT\YYPAINT\YYPAINT\DEBUG\MAINFRM.OBJ
C:\git\yypaint\yypaint\yypaint\Debug\mt.command.1.tlog
C:\git\yypaint\yypaint\yypaint\Debug\mt.read.1.tlog
C:\git\yypaint\yypaint\yypaint\Debug\mt.write.1.tlog
C:\git\yypaint\yypaint\yypaint\Debug\rc.command.1.tlog
C:\git\yypaint\yypaint\yypaint\Debug\rc.read.1.tlog
C:\git\yypaint\yypaint\yypaint\Debug\rc.write.1.tlog
C:\GIT\YYPAINT\YYPAINT\YYPAINT\DEBUG\STDAFX.OBJ
C:\GIT\YYPAINT\YYPAINT\YYPAINT\DEBUG\TGRAPH.OBJ
C:\GIT\YYPAINT\YYPAINT\YYPAINT\DEBUG\TLOADDLL.OBJ
C:\GIT\YYPAINT\YYPAINT\YYPAINT\DEBUG\TMYVIEW.OBJ
C:\GIT\YYPAINT\YYPAINT\YYPAINT\DEBUG\TOOLBARVIEW.OBJ
C:\GIT\YYPAINT\YYPAINT\YYPAINT\DEBUG\TTOOLBAR.OBJ
C:\GIT\YYPAINT\YYPAINT\YYPAINT\DEBUG\TUNDO_CREATECELL.OBJ
C:\GIT\YYPAINT\YYPAINT\YYPAINT\DEBUG\TUNDOLIST.OBJ
C:\git\yypaint\yypaint\yypaint\Debug\vc100.idb
C:\GIT\YYPAINT\YYPAINT\YYPAINT\DEBUG\VC100.PDB
C:\GIT\YYPAINT\YYPAINT\YYPAINT\DEBUG\VIEWTREE.OBJ
C:\GIT\YYPAINT\YYPAINT\YYPAINT\DEBUG\YYPAINT.EXE.EMBED.MANIFEST
C:\GIT\YYPAINT\YYPAINT\YYPAINT\DEBUG\YYPAINT.EXE.EMBED.MANIFEST.RES
C:\GIT\YYPAINT\YYPAINT\YYPAINT\DEBUG\YYPAINT.EXE.INTERMEDIATE.MANIFEST
C:\GIT\YYPAINT\YYPAINT\YYPAINT\DEBUG\YYPAINT.OBJ
C:\GIT\YYPAINT\YYPAINT\YYPAINT\DEBUG\YYPAINT.PCH
C:\GIT\YYPAINT\YYPAINT\YYPAINT\DEBUG\YYPAINT.RES
C:\git\yypaint\yypaint\yypaint\Debug\yypaint.vcxprojResolveAssemblyReference.cache
C:\git\yypaint\yypaint\yypaint\Debug\yypaint.write.1.tlog
C:\git\yypaint\yypaint\yypaint\Debug\yypaint_manifest.rc
C:\GIT\YYPAINT\YYPAINT\YYPAINT\DEBUG\YYPAINTDOC.OBJ
C:\GIT\YYPAINT\YYPAINT\YYPAINT\DEBUG\YYPAINTVIEW.OBJ
