生成启动时间为 2020/6/23 22:08:59。
     1>项目“C:\git\yypaint\Tool_Rectangle\Tool_Rectangle\Tool_Rectangle.vcxproj”在节点 2 上(build 个目标)。
     1>C:\Program Files (x86)\MSBuild\Microsoft.Cpp\v4.0\Microsoft.CppBuild.targets(299,5): warning MSB8004: Output 目录未以斜杠结尾。此生成实例将添加斜杠，因为必须有这个斜杠才能正确计算 Output 目录。
     1>InitializeBuildStatus:
         正在对“Debug\Tool_Rectangle.unsuccessfulbuild”执行 Touch 任务。
       ClCompile:
         所有输出均为最新。
         C:\Program Files (x86)\Microsoft Visual Studio 10.0\VC\bin\CL.exe /c /I../../include /ZI /nologo /W3 /WX- /Od /Oy- /D WIN32 /D _WINDOWS /D _DEBUG /D _USRDLL /D _WINDLL /D _UNICODE /D UNICODE /Gm /EHsc /RTC1 /MTd /GS /fp:precise /Zc:wchar_t /Zc:forScope /Yu"StdAfx.h" /Fp"Debug\Tool_Rectangle.pch" /Fo"Debug\\" /Fd"Debug\vc100.pdb" /Gd /TP /analyze- /errorReport:prompt TCell_Rectangle.cpp
         TCell_Rectangle.cpp
     1>c:\git\yypaint\tool_rectangle\tool_rectangle\tcell_rectangle.cpp(46): warning C4244: “参数”: 从“LONG”转换到“Gdiplus::REAL”，可能丢失数据
     1>c:\git\yypaint\tool_rectangle\tool_rectangle\tcell_rectangle.cpp(46): warning C4244: “参数”: 从“LONG”转换到“Gdiplus::REAL”，可能丢失数据
     1>c:\git\yypaint\tool_rectangle\tool_rectangle\tcell_rectangle.cpp(48): warning C4244: “参数”: 从“LONG”转换到“Gdiplus::REAL”，可能丢失数据
     1>c:\git\yypaint\tool_rectangle\tool_rectangle\tcell_rectangle.cpp(48): warning C4244: “参数”: 从“LONG”转换到“Gdiplus::REAL”，可能丢失数据
     1>c:\git\yypaint\tool_rectangle\tool_rectangle\tcell_rectangle.cpp(70): warning C4244: “参数”: 从“LONG”转换到“Gdiplus::REAL”，可能丢失数据
     1>c:\git\yypaint\tool_rectangle\tool_rectangle\tcell_rectangle.cpp(70): warning C4244: “参数”: 从“LONG”转换到“Gdiplus::REAL”，可能丢失数据
     1>c:\git\yypaint\tool_rectangle\tool_rectangle\tcell_rectangle.cpp(72): warning C4244: “参数”: 从“LONG”转换到“Gdiplus::REAL”，可能丢失数据
     1>c:\git\yypaint\tool_rectangle\tool_rectangle\tcell_rectangle.cpp(72): warning C4244: “参数”: 从“LONG”转换到“Gdiplus::REAL”，可能丢失数据
     1>c:\git\yypaint\tool_rectangle\tool_rectangle\tcell_rectangle.cpp(125): warning C4244: “=”: 从“float”转换到“LONG”，可能丢失数据
     1>c:\git\yypaint\tool_rectangle\tool_rectangle\tcell_rectangle.cpp(126): warning C4244: “=”: 从“float”转换到“LONG”，可能丢失数据
     1>c:\git\yypaint\tool_rectangle\tool_rectangle\tcell_rectangle.cpp(135): warning C4244: “参数”: 从“double”转换到“float”，可能丢失数据
     1>c:\git\yypaint\tool_rectangle\tool_rectangle\tcell_rectangle.cpp(186): warning C4244: “+=”: 从“float”转换到“int”，可能丢失数据
     1>c:\git\yypaint\tool_rectangle\tool_rectangle\tcell_rectangle.cpp(251): warning C4244: “参数”: 从“double”转换到“float”，可能丢失数据
     1>c:\git\yypaint\tool_rectangle\tool_rectangle\tcell_rectangle.cpp(351): warning C4244: “参数”: 从“double”转换到“float”，可能丢失数据
     1>c:\git\yypaint\tool_rectangle\tool_rectangle\tcell_rectangle.cpp(352): warning C4244: “参数”: 从“double”转换到“float”，可能丢失数据
     1>c:\git\yypaint\tool_rectangle\tool_rectangle\tcell_rectangle.cpp(363): warning C4244: “参数”: 从“double”转换到“float”，可能丢失数据
     1>c:\git\yypaint\tool_rectangle\tool_rectangle\tcell_rectangle.cpp(371): warning C4244: “参数”: 从“double”转换到“float”，可能丢失数据
     1>c:\git\yypaint\tool_rectangle\tool_rectangle\tcell_rectangle.cpp(379): warning C4244: “参数”: 从“double”转换到“float”，可能丢失数据
     1>c:\git\yypaint\tool_rectangle\tool_rectangle\tcell_rectangle.cpp(387): warning C4244: “参数”: 从“double”转换到“float”，可能丢失数据
     1>c:\git\yypaint\tool_rectangle\tool_rectangle\tcell_rectangle.cpp(397): warning C4244: “参数”: 从“double”转换到“float”，可能丢失数据
     1>c:\git\yypaint\tool_rectangle\tool_rectangle\tcell_rectangle.cpp(405): warning C4244: “参数”: 从“double”转换到“float”，可能丢失数据
     1>c:\git\yypaint\tool_rectangle\tool_rectangle\tcell_rectangle.cpp(414): warning C4244: “参数”: 从“double”转换到“float”，可能丢失数据
     1>c:\git\yypaint\tool_rectangle\tool_rectangle\tcell_rectangle.cpp(422): warning C4244: “参数”: 从“double”转换到“float”，可能丢失数据
     1>c:\git\yypaint\tool_rectangle\tool_rectangle\tcell_rectangle.cpp(14): warning C4244: “初始化”: 从“const LONG”转换到“float”，可能丢失数据
                 c:\git\yypaint\tool_rectangle\tool_rectangle\tcell_rectangle.cpp(441): 参见对正在编译的函数 模板 实例化“float GetAngle<CPoint>(const T &,const T &,const T &)”的引用
                 with
                 [
                     T=CPoint
                 ]
     1>c:\git\yypaint\tool_rectangle\tool_rectangle\tcell_rectangle.cpp(15): warning C4244: “初始化”: 从“const LONG”转换到“float”，可能丢失数据
     1>c:\git\yypaint\tool_rectangle\tool_rectangle\tcell_rectangle.cpp(16): warning C4244: “初始化”: 从“const LONG”转换到“float”，可能丢失数据
     1>c:\git\yypaint\tool_rectangle\tool_rectangle\tcell_rectangle.cpp(17): warning C4244: “初始化”: 从“const LONG”转换到“float”，可能丢失数据
       ResourceCompile:
         所有输出均为最新。
       ManifestResourceCompile:
         所有输出均为最新。
       Link:
         C:\Program Files (x86)\Microsoft Visual Studio 10.0\VC\bin\link.exe /ERRORREPORT:PROMPT /OUT:"../../output/tools\Tool_Rectangle.dll" /INCREMENTAL /NOLOGO /DEF:".\Tool_Rectangle.def" /MANIFEST /ManifestFile:"Debug\Tool_Rectangle.dll.intermediate.manifest" /MANIFESTUAC:"level='asInvoker' uiAccess='false'" /DEBUG /PDB:"Debug\Tool_Rectangle.pdb" /SUBSYSTEM:WINDOWS /TLBID:1 /DYNAMICBASE /NXCOMPAT /IMPLIB:"../../output/tools\Tool_Rectangle.lib" /MACHINE:X86 /DLL Debug\Tool_Rectangle.res
         Debug\Tool_Rectangle.dll.embed.manifest.res
         Debug\stdafx.obj
         Debug\TCell_Rectangle.obj
         Debug\Tool_Rectangle.obj
         Debug\TTool_Rectangle.obj
            正在创建库 ../../output/tools\Tool_Rectangle.lib 和对象 ../../output/tools\Tool_Rectangle.exp
       Manifest:
         C:\Program Files (x86)\Microsoft SDKs\Windows\v7.0A\bin\mt.exe /nologo /verbose /out:"Debug\Tool_Rectangle.dll.embed.manifest" /manifest Debug\Tool_Rectangle.dll.intermediate.manifest "C:\Program Files (x86)\Microsoft Visual Studio 10.0\VC\Include\Manifest\dpiaware.manifest"
         所有输出均为最新。
       LinkEmbedManifest:
         所有输出均为最新。
         Tool_Rectangle.vcxproj -> C:\git\yypaint\Tool_Rectangle\Tool_Rectangle\../../output/tools\Tool_Rectangle.dll
       CopyFilesToOutputDirectory:
         正在将文件从“Debug\Tool_Rectangle.pdb”复制到“../../output/tools\Tool_Rectangle.pdb”。
       FinalizeBuildStatus:
         正在删除文件“Debug\Tool_Rectangle.unsuccessfulbuild”。
         正在对“Debug\Tool_Rectangle.lastbuildstate”执行 Touch 任务。
     1>已完成生成项目“C:\git\yypaint\Tool_Rectangle\Tool_Rectangle\Tool_Rectangle.vcxproj”(build 个目标)的操作。

生成成功。

已用时间 00:00:02.87
