../../output/tools\Tool_Rectangle.ilk
../../output/tools\Tool_Rectangle.pdb
C:\GIT\YYPAINT\OUTPUT\TOOLS\TOOL_RECTANGLE.DLL
C:\git\yypaint\output\tools\Tool_Rectangle.exp
C:\GIT\YYPAINT\OUTPUT\TOOLS\TOOL_RECTANGLE.ILK
C:\git\yypaint\output\tools\Tool_Rectangle.lib
C:\git\yypaint\Tool_Rectangle\Tool_Rectangle\../../output/tools\Tool_Rectangle.dll
C:\git\yypaint\Tool_Rectangle\Tool_Rectangle\Debug\cl.command.1.tlog
C:\git\yypaint\Tool_Rectangle\Tool_Rectangle\Debug\CL.read.1.tlog
C:\git\yypaint\Tool_Rectangle\Tool_Rectangle\Debug\CL.write.1.tlog
C:\git\yypaint\Tool_Rectangle\Tool_Rectangle\Debug\link.command.1.tlog
C:\git\yypaint\Tool_Rectangle\Tool_Rectangle\Debug\link.read.1.tlog
C:\git\yypaint\Tool_Rectangle\Tool_Rectangle\Debug\link.write.1.tlog
C:\git\yypaint\Tool_Rectangle\Tool_Rectangle\Debug\link-cvtres.read.1.tlog
C:\git\yypaint\Tool_Rectangle\Tool_Rectangle\Debug\link-cvtres.write.1.tlog
C:\git\yypaint\Tool_Rectangle\Tool_Rectangle\Debug\mt.command.1.tlog
C:\git\yypaint\Tool_Rectangle\Tool_Rectangle\Debug\mt.read.1.tlog
C:\git\yypaint\Tool_Rectangle\Tool_Rectangle\Debug\mt.write.1.tlog
C:\git\yypaint\Tool_Rectangle\Tool_Rectangle\Debug\rc.command.1.tlog
C:\git\yypaint\Tool_Rectangle\Tool_Rectangle\Debug\rc.read.1.tlog
C:\git\yypaint\Tool_Rectangle\Tool_Rectangle\Debug\rc.write.1.tlog
C:\GIT\YYPAINT\TOOL_RECTANGLE\TOOL_RECTANGLE\DEBUG\STDAFX.OBJ
C:\GIT\YYPAINT\TOOL_RECTANGLE\TOOL_RECTANGLE\DEBUG\TCELL_RECTANGLE.OBJ
C:\GIT\YYPAINT\TOOL_RECTANGLE\TOOL_RECTANGLE\DEBUG\TOOL_RECTANGLE.DLL.EMBED.MANIFEST
C:\GIT\YYPAINT\TOOL_RECTANGLE\TOOL_RECTANGLE\DEBUG\TOOL_RECTANGLE.DLL.EMBED.MANIFEST.RES
C:\GIT\YYPAINT\TOOL_RECTANGLE\TOOL_RECTANGLE\DEBUG\TOOL_RECTANGLE.DLL.INTERMEDIATE.MANIFEST
C:\GIT\YYPAINT\TOOL_RECTANGLE\TOOL_RECTANGLE\DEBUG\TOOL_RECTANGLE.OBJ
C:\GIT\YYPAINT\TOOL_RECTANGLE\TOOL_RECTANGLE\DEBUG\TOOL_RECTANGLE.PCH
C:\GIT\YYPAINT\TOOL_RECTANGLE\TOOL_RECTANGLE\DEBUG\TOOL_RECTANGLE.PDB
C:\GIT\YYPAINT\TOOL_RECTANGLE\TOOL_RECTANGLE\DEBUG\TOOL_RECTANGLE.RES
C:\git\yypaint\Tool_Rectangle\Tool_Rectangle\Debug\Tool_Rectangle.write.1.tlog
C:\git\yypaint\Tool_Rectangle\Tool_Rectangle\Debug\Tool_Rectangle_manifest.rc
C:\GIT\YYPAINT\TOOL_RECTANGLE\TOOL_RECTANGLE\DEBUG\TTOOL_RECTANGLE.OBJ
C:\git\yypaint\Tool_Rectangle\Tool_Rectangle\Debug\vc100.idb
C:\GIT\YYPAINT\TOOL_RECTANGLE\TOOL_RECTANGLE\DEBUG\VC100.PDB
